This file contains any messages produced by compilers while
running configure, to aid debugging if configure makes a mistake.

It was created by xf86-input-synaptics configure 1.9.1, which was
generated by GNU Autoconf 2.69.  Invocation command line was

  $ ./configure --prefix=/usr

## --------- ##
## Platform. ##
## --------- ##

hostname = MightyTheJa-PC
uname -m = x86_64
uname -r = 5.1.15-arch1-1-ARCH
uname -s = Linux
uname -v = #1 SMP PREEMPT Tue Jun 25 04:49:39 UTC 2019

/usr/bin/uname -p = unknown
/bin/uname -X     = unknown

/bin/arch              = unknown
/usr/bin/arch -k       = unknown
/usr/convex/getsysinfo = unknown
/usr/bin/hostinfo      = unknown
/bin/machine           = unknown
/usr/bin/oslevel       = unknown
/bin/universe          = unknown

PATH: /usr/local/sbin
PATH: /usr/local/bin
PATH: /usr/bin
PATH: /usr/lib/jvm/default/bin
PATH: /usr/bin/site_perl
PATH: /usr/bin/vendor_perl
PATH: /usr/bin/core_perl


## ----------- ##
## Core tests. ##
## ----------- ##

configure:2313: checking for a BSD-compatible install
configure:2381: result: /usr/bin/install -c
configure:2392: checking whether build environment is sane
configure:2447: result: yes
configure:2596: checking for a thread-safe mkdir -p
configure:2635: result: /usr/bin/mkdir -p
configure:2642: checking for gawk
configure:2658: found /usr/bin/gawk
configure:2669: result: gawk
configure:2680: checking whether make sets $(MAKE)
configure:2702: result: yes
configure:2731: checking whether make supports nested variables
configure:2748: result: yes
configure:2936: checking build system type
configure:2950: result: x86_64-pc-linux-gnu
configure:2970: checking host system type
configure:2983: result: x86_64-pc-linux-gnu
configure:3024: checking how to print strings
configure:3051: result: printf
configure:3076: checking whether make supports the include directive
configure:3091: make -f confmf.GNU && cat confinc.out
this is the am__doit target
configure:3094: $? = 0
configure:3113: result: yes (GNU style)
configure:3183: checking for gcc
configure:3199: found /usr/bin/gcc
configure:3210: result: gcc
configure:3439: checking for C compiler version
configure:3448: gcc --version >&5
gcc (GCC) 9.1.0
Copyright (C) 2019 Free Software Foundation, Inc.
This is free software; see the source for copying conditions.  There is NO
warranty; not even for MERCHANTABILITY or FITNESS FOR A PARTICULAR PURPOSE.

configure:3459: $? = 0
configure:3448: gcc -v >&5
Using built-in specs.
COLLECT_GCC=gcc
COLLECT_LTO_WRAPPER=/usr/lib/gcc/x86_64-pc-linux-gnu/9.1.0/lto-wrapper
Target: x86_64-pc-linux-gnu
Configured with: /build/gcc/src/gcc/configure --prefix=/usr --libdir=/usr/lib --libexecdir=/usr/lib --mandir=/usr/share/man --infodir=/usr/share/info --with-bugurl=https://bugs.archlinux.org/ --enable-languages=c,c++,ada,fortran,go,lto,objc,obj-c++ --enable-shared --enable-threads=posix --with-system-zlib --with-isl --enable-__cxa_atexit --disable-libunwind-exceptions --enable-clocale=gnu --disable-libstdcxx-pch --disable-libssp --enable-gnu-unique-object --enable-linker-build-id --enable-lto --enable-plugin --enable-install-libiberty --with-linker-hash-style=gnu --enable-gnu-indirect-function --enable-multilib --disable-werror --enable-checking=release --enable-default-pie --enable-default-ssp --enable-cet=auto
Thread model: posix
gcc version 9.1.0 (GCC) 
configure:3459: $? = 0
configure:3448: gcc -V >&5
gcc: error: unrecognized command line option '-V'
gcc: fatal error: no input files
compilation terminated.
configure:3459: $? = 1
configure:3448: gcc -qversion >&5
gcc: error: unrecognized command line option '-qversion'; did you mean '--version'?
gcc: fatal error: no input files
compilation terminated.
configure:3459: $? = 1
configure:3479: checking whether the C compiler works
configure:3501: gcc -march=x86-64 -mtune=generic -O2 -pipe -fno-plt -D_FORTIFY_SOURCE=2 -Wl,-O1,--sort-common,--as-needed,-z,relro,-z,now conftest.c  >&5
configure:3505: $? = 0
configure:3553: result: yes
configure:3556: checking for C compiler default output file name
configure:3558: result: a.out
configure:3564: checking for suffix of executables
configure:3571: gcc -o conftest -march=x86-64 -mtune=generic -O2 -pipe -fno-plt -D_FORTIFY_SOURCE=2 -Wl,-O1,--sort-common,--as-needed,-z,relro,-z,now conftest.c  >&5
configure:3575: $? = 0
configure:3597: result: 
configure:3619: checking whether we are cross compiling
configure:3627: gcc -o conftest -march=x86-64 -mtune=generic -O2 -pipe -fno-plt -D_FORTIFY_SOURCE=2 -Wl,-O1,--sort-common,--as-needed,-z,relro,-z,now conftest.c  >&5
configure:3631: $? = 0
configure:3638: ./conftest
configure:3642: $? = 0
configure:3630: result: no
configure:3635: checking for suffix of object files
configure:3657: gcc -c -march=x86-64 -mtune=generic -O2 -pipe -fno-plt -D_FORTIFY_SOURCE=2 conftest.c >&5
configure:3661: $? = 0
configure:3682: result: o
configure:3686: checking whether we are using the GNU C compiler
configure:3705: gcc -c -march=x86-64 -mtune=generic -O2 -pipe -fno-plt -D_FORTIFY_SOURCE=2 conftest.c >&5
configure:3705: $? = 0
configure:3714: result: yes
configure:3723: checking whether gcc accepts -g
configure:3743: gcc -c -g -D_FORTIFY_SOURCE=2 conftest.c >&5
configure:3743: $? = 0
configure:3784: result: yes
configure:3801: checking for gcc option to accept ISO C89
configure:3864: gcc  -c -march=x86-64 -mtune=generic -O2 -pipe -fno-plt -D_FORTIFY_SOURCE=2 conftest.c >&5
configure:3864: $? = 0
configure:3877: result: none needed
configure:3902: checking whether gcc understands -c and -o together
configure:3924: gcc -c conftest.c -o conftest2.o
configure:3927: $? = 0
configure:3924: gcc -c conftest.c -o conftest2.o
configure:3927: $? = 0
configure:3939: result: yes
configure:3958: checking dependency style of gcc
configure:4069: result: gcc3
configure:4084: checking for a sed that does not truncate output
configure:4148: result: /usr/bin/sed
configure:4166: checking for grep that handles long lines and -e
configure:4224: result: /usr/bin/grep
configure:4229: checking for egrep
configure:4291: result: /usr/bin/grep -E
configure:4296: checking for fgrep
configure:4358: result: /usr/bin/grep -F
configure:4393: checking for ld used by gcc
configure:4460: result: /usr/bin/ld
configure:4467: checking if the linker (/usr/bin/ld) is GNU ld
configure:4482: result: yes
configure:4494: checking for BSD- or MS-compatible name lister (nm)
configure:4548: result: /usr/bin/nm -B
configure:4678: checking the name lister (/usr/bin/nm -B) interface
configure:4685: gcc -c -march=x86-64 -mtune=generic -O2 -pipe -fno-plt -D_FORTIFY_SOURCE=2 conftest.c >&5
configure:4688: /usr/bin/nm -B "conftest.o"
configure:4691: output
0000000000000000 B some_variable
configure:4692: result: BSD nm
configure:4695: checking whether ln -s works
configure:4699: result: yes
configure:4707: checking the maximum length of command line arguments
configure:4838: result: 1572864
configure:4886: checking how to convert x86_64-pc-linux-gnu file names to x86_64-pc-linux-gnu format
configure:4926: result: func_convert_file_noop
configure:4933: checking how to convert x86_64-pc-linux-gnu file names to toolchain format
configure:4953: result: func_convert_file_noop
configure:4960: checking for /usr/bin/ld option to reload object files
configure:4967: result: -r
configure:5041: checking for objdump
configure:5057: found /usr/bin/objdump
configure:5068: result: objdump
configure:5100: checking how to recognize dependent libraries
configure:5300: result: pass_all
configure:5385: checking for dlltool
configure:5415: result: no
configure:5445: checking how to associate runtime and link libraries
configure:5472: result: printf %s\n
configure:5533: checking for ar
configure:5549: found /usr/bin/ar
configure:5560: result: ar
configure:5613: checking for archiver @FILE support
configure:5630: gcc -c -march=x86-64 -mtune=generic -O2 -pipe -fno-plt -D_FORTIFY_SOURCE=2 conftest.c >&5
configure:5630: $? = 0
configure:5633: ar cr libconftest.a @conftest.lst >&5
configure:5636: $? = 0
configure:5641: ar cr libconftest.a @conftest.lst >&5
ar: conftest.o: No such file or directory
configure:5644: $? = 1
configure:5643: result: @
configure:5701: checking for strip
configure:5717: found /usr/bin/strip
configure:5728: result: strip
configure:5800: checking for ranlib
configure:5816: found /usr/bin/ranlib
configure:5827: result: ranlib
configure:5929: checking command to parse /usr/bin/nm -B output from gcc object
configure:6082: gcc -c -march=x86-64 -mtune=generic -O2 -pipe -fno-plt -D_FORTIFY_SOURCE=2 conftest.c >&5
configure:6085: $? = 0
configure:6089: /usr/bin/nm -B conftest.o \| sed -n -e 's/^.*[ ]\([ABCDGIRSTW][ABCDGIRSTW]*\)[ ][ ]*\([_A-Za-z][_A-Za-z0-9]*\)$/\1 \2 \2/p' | sed '/ __gnu_lto/d' \> conftest.nm
configure:6092: $? = 0
configure:6158: gcc -o conftest -march=x86-64 -mtune=generic -O2 -pipe -fno-plt -D_FORTIFY_SOURCE=2 -Wl,-O1,--sort-common,--as-needed,-z,relro,-z,now conftest.c conftstm.o >&5
configure:6161: $? = 0
configure:6199: result: ok
configure:6246: checking for sysroot
configure:6276: result: no
configure:6283: checking for a working dd
configure:6321: result: /usr/bin/dd
configure:6325: checking how to truncate binary pipes
configure:6340: result: /usr/bin/dd bs=4096 count=1
configure:6476: gcc -c -march=x86-64 -mtune=generic -O2 -pipe -fno-plt -D_FORTIFY_SOURCE=2 conftest.c >&5
configure:6479: $? = 0
configure:6669: checking for mt
configure:6699: result: no
configure:6719: checking if : is a manifest tool
configure:6725: : '-?'
configure:6733: result: no
configure:7410: checking how to run the C preprocessor
configure:7441: gcc -E -D_FORTIFY_SOURCE=2 conftest.c
In file included from /usr/include/bits/libc-header-start.h:33,
                 from /usr/include/limits.h:26,
                 from /usr/lib/gcc/x86_64-pc-linux-gnu/9.1.0/include-fixed/limits.h:194,
                 from /usr/lib/gcc/x86_64-pc-linux-gnu/9.1.0/include-fixed/syslimits.h:7,
                 from /usr/lib/gcc/x86_64-pc-linux-gnu/9.1.0/include-fixed/limits.h:34,
                 from conftest.c:12:
/usr/include/features.h:382:4: warning: #warning _FORTIFY_SOURCE requires compiling with optimization (-O) [-Wcpp]
  382 | #  warning _FORTIFY_SOURCE requires compiling with optimization (-O)
      |    ^~~~~~~
configure:7441: $? = 0
configure:7455: gcc -E -D_FORTIFY_SOURCE=2 conftest.c
conftest.c:11:10: fatal error: ac_nonexistent.h: No such file or directory
   11 | #include <ac_nonexistent.h>
      |          ^~~~~~~~~~~~~~~~~~
compilation terminated.
configure:7455: $? = 1
configure: failed program was:
| /* confdefs.h */
| #define PACKAGE_NAME "xf86-input-synaptics"
| #define PACKAGE_TARNAME "xf86-input-synaptics"
| #define PACKAGE_VERSION "1.9.1"
| #define PACKAGE_STRING "xf86-input-synaptics 1.9.1"
| #define PACKAGE_BUGREPORT "https://bugs.freedesktop.org/enter_bug.cgi?product=xorg"
| #define PACKAGE_URL ""
| #define PACKAGE "xf86-input-synaptics"
| #define VERSION "1.9.1"
| /* end confdefs.h.  */
| #include <ac_nonexistent.h>
configure:7480: result: gcc -E
configure:7500: gcc -E -D_FORTIFY_SOURCE=2 conftest.c
In file included from /usr/include/bits/libc-header-start.h:33,
                 from /usr/include/limits.h:26,
                 from /usr/lib/gcc/x86_64-pc-linux-gnu/9.1.0/include-fixed/limits.h:194,
                 from /usr/lib/gcc/x86_64-pc-linux-gnu/9.1.0/include-fixed/syslimits.h:7,
                 from /usr/lib/gcc/x86_64-pc-linux-gnu/9.1.0/include-fixed/limits.h:34,
                 from conftest.c:12:
/usr/include/features.h:382:4: warning: #warning _FORTIFY_SOURCE requires compiling with optimization (-O) [-Wcpp]
  382 | #  warning _FORTIFY_SOURCE requires compiling with optimization (-O)
      |    ^~~~~~~
configure:7500: $? = 0
configure:7514: gcc -E -D_FORTIFY_SOURCE=2 conftest.c
conftest.c:11:10: fatal error: ac_nonexistent.h: No such file or directory
   11 | #include <ac_nonexistent.h>
      |          ^~~~~~~~~~~~~~~~~~
compilation terminated.
configure:7514: $? = 1
configure: failed program was:
| /* confdefs.h */
| #define PACKAGE_NAME "xf86-input-synaptics"
| #define PACKAGE_TARNAME "xf86-input-synaptics"
| #define PACKAGE_VERSION "1.9.1"
| #define PACKAGE_STRING "xf86-input-synaptics 1.9.1"
| #define PACKAGE_BUGREPORT "https://bugs.freedesktop.org/enter_bug.cgi?product=xorg"
| #define PACKAGE_URL ""
| #define PACKAGE "xf86-input-synaptics"
| #define VERSION "1.9.1"
| /* end confdefs.h.  */
| #include <ac_nonexistent.h>
configure:7543: checking for ANSI C header files
configure:7563: gcc -c -march=x86-64 -mtune=generic -O2 -pipe -fno-plt -D_FORTIFY_SOURCE=2 conftest.c >&5
configure:7563: $? = 0
In file included from /usr/include/bits/libc-header-start.h:33,
                 from /usr/include/string.h:26,
                 from conftest.c:11:
/usr/include/features.h:382:4: warning: #warning _FORTIFY_SOURCE requires compiling with optimization (-O) [-Wcpp]
  382 | #  warning _FORTIFY_SOURCE requires compiling with optimization (-O)
      |    ^~~~~~~
In file included from /usr/include/bits/libc-header-start.h:33,
                 from /usr/include/stdlib.h:25,
                 from conftest.c:11:
/usr/include/features.h:382:4: warning: #warning _FORTIFY_SOURCE requires compiling with optimization (-O) [-Wcpp]
  382 | #  warning _FORTIFY_SOURCE requires compiling with optimization (-O)
      |    ^~~~~~~
configure:7636: gcc -o conftest -march=x86-64 -mtune=generic -O2 -pipe -fno-plt -D_FORTIFY_SOURCE=2 -Wl,-O1,--sort-common,--as-needed,-z,relro,-z,now conftest.c  >&5
configure:7636: $? = 0
configure:7636: ./conftest
configure:7636: $? = 0
configure:7647: result: yes
configure:7660: checking for sys/types.h
configure:7660: gcc -c -march=x86-64 -mtune=generic -O2 -pipe -fno-plt -D_FORTIFY_SOURCE=2 conftest.c >&5
configure:7660: $? = 0
configure:7660: result: yes
configure:7660: checking for sys/stat.h
configure:7660: gcc -c -march=x86-64 -mtune=generic -O2 -pipe -fno-plt -D_FORTIFY_SOURCE=2 conftest.c >&5
configure:7660: $? = 0
configure:7660: result: yes
configure:7660: checking for stdlib.h
configure:7660: gcc -c -march=x86-64 -mtune=generic -O2 -pipe -fno-plt -D_FORTIFY_SOURCE=2 conftest.c >&5
configure:7660: $? = 0
configure:7660: result: yes
configure:7660: checking for string.h
configure:7660: gcc -c -march=x86-64 -mtune=generic -O2 -pipe -fno-plt -D_FORTIFY_SOURCE=2 conftest.c >&5
configure:7660: $? = 0
configure:7660: result: yes
configure:7660: checking for memory.h
configure:7660: gcc -c -march=x86-64 -mtune=generic -O2 -pipe -fno-plt -D_FORTIFY_SOURCE=2 conftest.c >&5
configure:7660: $? = 0
configure:7660: result: yes
configure:7660: checking for strings.h
configure:7660: gcc -c -march=x86-64 -mtune=generic -O2 -pipe -fno-plt -D_FORTIFY_SOURCE=2 conftest.c >&5
configure:7660: $? = 0
configure:7660: result: yes
configure:7660: checking for inttypes.h
configure:7660: gcc -c -march=x86-64 -mtune=generic -O2 -pipe -fno-plt -D_FORTIFY_SOURCE=2 conftest.c >&5
configure:7660: $? = 0
configure:7660: result: yes
configure:7660: checking for stdint.h
configure:7660: gcc -c -march=x86-64 -mtune=generic -O2 -pipe -fno-plt -D_FORTIFY_SOURCE=2 conftest.c >&5
configure:7660: $? = 0
configure:7660: result: yes
configure:7660: checking for unistd.h
configure:7660: gcc -c -march=x86-64 -mtune=generic -O2 -pipe -fno-plt -D_FORTIFY_SOURCE=2 conftest.c >&5
configure:7660: $? = 0
configure:7660: result: yes
configure:7674: checking for dlfcn.h
configure:7674: gcc -c -march=x86-64 -mtune=generic -O2 -pipe -fno-plt -D_FORTIFY_SOURCE=2 conftest.c >&5
configure:7674: $? = 0
configure:7674: result: yes
configure:7900: checking for objdir
configure:7915: result: .libs
configure:8175: checking if gcc supports -fno-rtti -fno-exceptions
configure:8193: gcc -c -march=x86-64 -mtune=generic -O2 -pipe -fno-plt -D_FORTIFY_SOURCE=2 -fno-rtti -fno-exceptions conftest.c >&5
cc1: warning: command line option '-fno-rtti' is valid for C++/D/ObjC++ but not for C
configure:8197: $? = 0
configure:8210: result: no
configure:8568: checking for gcc option to produce PIC
configure:8575: result: -fPIC -DPIC
configure:8583: checking if gcc PIC flag -fPIC -DPIC works
configure:8601: gcc -c -march=x86-64 -mtune=generic -O2 -pipe -fno-plt -D_FORTIFY_SOURCE=2 -fPIC -DPIC -DPIC conftest.c >&5
configure:8605: $? = 0
configure:8618: result: yes
configure:8647: checking if gcc static flag -static works
configure:8675: result: yes
configure:8690: checking if gcc supports -c -o file.o
configure:8711: gcc -c -march=x86-64 -mtune=generic -O2 -pipe -fno-plt -D_FORTIFY_SOURCE=2 -o out/conftest2.o conftest.c >&5
configure:8715: $? = 0
configure:8737: result: yes
configure:8745: checking if gcc supports -c -o file.o
configure:8792: result: yes
configure:8825: checking whether the gcc linker (/usr/bin/ld -m elf_x86_64) supports shared libraries
configure:10086: result: yes
configure:10123: checking whether -lc should be explicitly linked in
configure:10131: gcc -c -march=x86-64 -mtune=generic -O2 -pipe -fno-plt -D_FORTIFY_SOURCE=2 conftest.c >&5
configure:10134: $? = 0
configure:10149: gcc -shared  -fPIC -DPIC conftest.o  -v -Wl,-soname -Wl,conftest -o conftest 2\>\&1 \| /usr/bin/grep  -lc  \>/dev/null 2\>\&1
configure:10152: $? = 0
configure:10166: result: no
configure:10326: checking dynamic linker characteristics
configure:10907: gcc -o conftest -march=x86-64 -mtune=generic -O2 -pipe -fno-plt -D_FORTIFY_SOURCE=2 -Wl,-O1,--sort-common,--as-needed,-z,relro,-z,now -Wl,-rpath -Wl,/foo conftest.c  >&5
configure:10907: $? = 0
configure:11144: result: GNU/Linux ld.so
configure:11266: checking how to hardcode library paths into programs
configure:11291: result: immediate
configure:11839: checking whether stripping libraries is possible
configure:11848: result: yes
configure:11890: checking if libtool supports shared libraries
configure:11892: result: yes
configure:11895: checking whether to build shared libraries
configure:11920: result: yes
configure:11923: checking whether to build static libraries
configure:11927: result: no
configure:8756: checking for gcc option to accept ISO C99
configure:8905: gcc  -c -march=x86-64 -mtune=generic -O2 -pipe -fno-plt -D_FORTIFY_SOURCE=2 conftest.c >&5
configure:8905: $? = 0
configure:8918: result: none needed
configure:8937: checking whether __clang__ is declared
configure:8937: gcc -c -march=x86-64 -mtune=generic -O2 -pipe -fno-plt -D_FORTIFY_SOURCE=2 conftest.c >&5
conftest.c: In function 'main':
conftest.c:63:10: error: '__clang__' undeclared (first use in this function)
   63 |   (void) __clang__;
      |          ^~~~~~~~~
conftest.c:63:10: note: each undeclared identifier is reported only once for each function it appears in
configure:8937: $? = 1
configure: failed program was:
| /* confdefs.h */
| #define PACKAGE_NAME "xf86-input-synaptics"
| #define PACKAGE_TARNAME "xf86-input-synaptics"
| #define PACKAGE_VERSION "1.9.1"
| #define PACKAGE_STRING "xf86-input-synaptics 1.9.1"
| #define PACKAGE_BUGREPORT "https://bugs.freedesktop.org/enter_bug.cgi?product=xorg"
| #define PACKAGE_URL ""
| #define PACKAGE "xf86-input-synaptics"
| #define VERSION "1.9.1"
| #define STDC_HEADERS 1
| #define HAVE_SYS_TYPES_H 1
| #define HAVE_SYS_STAT_H 1
| #define HAVE_STDLIB_H 1
| #define HAVE_STRING_H 1
| #define HAVE_MEMORY_H 1
| #define HAVE_STRINGS_H 1
| #define HAVE_INTTYPES_H 1
| #define HAVE_STDINT_H 1
| #define HAVE_UNISTD_H 1
| #define HAVE_DLFCN_H 1
| #define LT_OBJDIR ".libs/"
| /* end confdefs.h.  */
| #include <stdio.h>
| #ifdef HAVE_SYS_TYPES_H
| # include <sys/types.h>
| #endif
| #ifdef HAVE_SYS_STAT_H
| # include <sys/stat.h>
| #endif
| #ifdef STDC_HEADERS
| # include <stdlib.h>
| # include <stddef.h>
| #else
| # ifdef HAVE_STDLIB_H
| #  include <stdlib.h>
| # endif
| #endif
| #ifdef HAVE_STRING_H
| # if !defined STDC_HEADERS && defined HAVE_MEMORY_H
| #  include <memory.h>
| # endif
| # include <string.h>
| #endif
| #ifdef HAVE_STRINGS_H
| # include <strings.h>
| #endif
| #ifdef HAVE_INTTYPES_H
| # include <inttypes.h>
| #endif
| #ifdef HAVE_STDINT_H
| # include <stdint.h>
| #endif
| #ifdef HAVE_UNISTD_H
| # include <unistd.h>
| #endif
| int
| main ()
| {
| #ifndef __clang__
| #ifdef __cplusplus
|   (void) __clang__;
| #else
|   (void) __clang__;
| #endif
| #endif
| 
|   ;
|   return 0;
| }
configure:8937: result: no
configure:8944: checking whether __INTEL_COMPILER is declared
configure:8944: gcc -c -march=x86-64 -mtune=generic -O2 -pipe -fno-plt -D_FORTIFY_SOURCE=2 conftest.c >&5
conftest.c: In function 'main':
conftest.c:63:10: error: '__INTEL_COMPILER' undeclared (first use in this function)
   63 |   (void) __INTEL_COMPILER;
      |          ^~~~~~~~~~~~~~~~
conftest.c:63:10: note: each undeclared identifier is reported only once for each function it appears in
configure:8944: $? = 1
configure: failed program was:
| /* confdefs.h */
| #define PACKAGE_NAME "xf86-input-synaptics"
| #define PACKAGE_TARNAME "xf86-input-synaptics"
| #define PACKAGE_VERSION "1.9.1"
| #define PACKAGE_STRING "xf86-input-synaptics 1.9.1"
| #define PACKAGE_BUGREPORT "https://bugs.freedesktop.org/enter_bug.cgi?product=xorg"
| #define PACKAGE_URL ""
| #define PACKAGE "xf86-input-synaptics"
| #define VERSION "1.9.1"
| #define STDC_HEADERS 1
| #define HAVE_SYS_TYPES_H 1
| #define HAVE_SYS_STAT_H 1
| #define HAVE_STDLIB_H 1
| #define HAVE_STRING_H 1
| #define HAVE_MEMORY_H 1
| #define HAVE_STRINGS_H 1
| #define HAVE_INTTYPES_H 1
| #define HAVE_STDINT_H 1
| #define HAVE_UNISTD_H 1
| #define HAVE_DLFCN_H 1
| #define LT_OBJDIR ".libs/"
| /* end confdefs.h.  */
| #include <stdio.h>
| #ifdef HAVE_SYS_TYPES_H
| # include <sys/types.h>
| #endif
| #ifdef HAVE_SYS_STAT_H
| # include <sys/stat.h>
| #endif
| #ifdef STDC_HEADERS
| # include <stdlib.h>
| # include <stddef.h>
| #else
| # ifdef HAVE_STDLIB_H
| #  include <stdlib.h>
| # endif
| #endif
| #ifdef HAVE_STRING_H
| # if !defined STDC_HEADERS && defined HAVE_MEMORY_H
| #  include <memory.h>
| # endif
| # include <string.h>
| #endif
| #ifdef HAVE_STRINGS_H
| # include <strings.h>
| #endif
| #ifdef HAVE_INTTYPES_H
| # include <inttypes.h>
| #endif
| #ifdef HAVE_STDINT_H
| # include <stdint.h>
| #endif
| #ifdef HAVE_UNISTD_H
| # include <unistd.h>
| #endif
| int
| main ()
| {
| #ifndef __INTEL_COMPILER
| #ifdef __cplusplus
|   (void) __INTEL_COMPILER;
| #else
|   (void) __INTEL_COMPILER;
| #endif
| #endif
| 
|   ;
|   return 0;
| }
configure:8944: result: no
configure:8951: checking whether __SUNPRO_C is declared
configure:8951: gcc -c -march=x86-64 -mtune=generic -O2 -pipe -fno-plt -D_FORTIFY_SOURCE=2 conftest.c >&5
conftest.c: In function 'main':
conftest.c:63:10: error: '__SUNPRO_C' undeclared (first use in this function)
   63 |   (void) __SUNPRO_C;
      |          ^~~~~~~~~~
conftest.c:63:10: note: each undeclared identifier is reported only once for each function it appears in
configure:8951: $? = 1
configure: failed program was:
| /* confdefs.h */
| #define PACKAGE_NAME "xf86-input-synaptics"
| #define PACKAGE_TARNAME "xf86-input-synaptics"
| #define PACKAGE_VERSION "1.9.1"
| #define PACKAGE_STRING "xf86-input-synaptics 1.9.1"
| #define PACKAGE_BUGREPORT "https://bugs.freedesktop.org/enter_bug.cgi?product=xorg"
| #define PACKAGE_URL ""
| #define PACKAGE "xf86-input-synaptics"
| #define VERSION "1.9.1"
| #define STDC_HEADERS 1
| #define HAVE_SYS_TYPES_H 1
| #define HAVE_SYS_STAT_H 1
| #define HAVE_STDLIB_H 1
| #define HAVE_STRING_H 1
| #define HAVE_MEMORY_H 1
| #define HAVE_STRINGS_H 1
| #define HAVE_INTTYPES_H 1
| #define HAVE_STDINT_H 1
| #define HAVE_UNISTD_H 1
| #define HAVE_DLFCN_H 1
| #define LT_OBJDIR ".libs/"
| /* end confdefs.h.  */
| #include <stdio.h>
| #ifdef HAVE_SYS_TYPES_H
| # include <sys/types.h>
| #endif
| #ifdef HAVE_SYS_STAT_H
| # include <sys/stat.h>
| #endif
| #ifdef STDC_HEADERS
| # include <stdlib.h>
| # include <stddef.h>
| #else
| # ifdef HAVE_STDLIB_H
| #  include <stdlib.h>
| # endif
| #endif
| #ifdef HAVE_STRING_H
| # if !defined STDC_HEADERS && defined HAVE_MEMORY_H
| #  include <memory.h>
| # endif
| # include <string.h>
| #endif
| #ifdef HAVE_STRINGS_H
| # include <strings.h>
| #endif
| #ifdef HAVE_INTTYPES_H
| # include <inttypes.h>
| #endif
| #ifdef HAVE_STDINT_H
| # include <stdint.h>
| #endif
| #ifdef HAVE_UNISTD_H
| # include <unistd.h>
| #endif
| int
| main ()
| {
| #ifndef __SUNPRO_C
| #ifdef __cplusplus
|   (void) __SUNPRO_C;
| #else
|   (void) __SUNPRO_C;
| #endif
| #endif
| 
|   ;
|   return 0;
| }
configure:8951: result: no
configure:9013: checking for pkg-config
configure:9031: found /usr/bin/pkg-config
configure:9043: result: /usr/bin/pkg-config
configure:9068: checking pkg-config is at least version 0.9.0
configure:9071: result: yes
configure:9120: checking if gcc supports -Werror=unknown-warning-option
configure:9129: gcc -c -march=x86-64 -mtune=generic -O2 -pipe -fno-plt -Werror=unknown-warning-option -D_FORTIFY_SOURCE=2 conftest.c >&5
cc1: error: '-Werror=unknown-warning-option': no option -Wunknown-warning-option
configure:9129: $? = 1
configure: failed program was:
| /* confdefs.h */
| #define PACKAGE_NAME "xf86-input-synaptics"
| #define PACKAGE_TARNAME "xf86-input-synaptics"
| #define PACKAGE_VERSION "1.9.1"
| #define PACKAGE_STRING "xf86-input-synaptics 1.9.1"
| #define PACKAGE_BUGREPORT "https://bugs.freedesktop.org/enter_bug.cgi?product=xorg"
| #define PACKAGE_URL ""
| #define PACKAGE "xf86-input-synaptics"
| #define VERSION "1.9.1"
| #define STDC_HEADERS 1
| #define HAVE_SYS_TYPES_H 1
| #define HAVE_SYS_STAT_H 1
| #define HAVE_STDLIB_H 1
| #define HAVE_STRING_H 1
| #define HAVE_MEMORY_H 1
| #define HAVE_STRINGS_H 1
| #define HAVE_INTTYPES_H 1
| #define HAVE_STDINT_H 1
| #define HAVE_UNISTD_H 1
| #define HAVE_DLFCN_H 1
| #define LT_OBJDIR ".libs/"
| /* end confdefs.h.  */
| int i;
configure:9136: result: no
configure:9147: checking if gcc supports -Werror=unused-command-line-argument
configure:9156: gcc -c -march=x86-64 -mtune=generic -O2 -pipe -fno-plt -Werror=unused-command-line-argument -D_FORTIFY_SOURCE=2 conftest.c >&5
cc1: error: '-Werror=unused-command-line-argument': no option -Wunused-command-line-argument
configure:9156: $? = 1
configure: failed program was:
| /* confdefs.h */
| #define PACKAGE_NAME "xf86-input-synaptics"
| #define PACKAGE_TARNAME "xf86-input-synaptics"
| #define PACKAGE_VERSION "1.9.1"
| #define PACKAGE_STRING "xf86-input-synaptics 1.9.1"
| #define PACKAGE_BUGREPORT "https://bugs.freedesktop.org/enter_bug.cgi?product=xorg"
| #define PACKAGE_URL ""
| #define PACKAGE "xf86-input-synaptics"
| #define VERSION "1.9.1"
| #define STDC_HEADERS 1
| #define HAVE_SYS_TYPES_H 1
| #define HAVE_SYS_STAT_H 1
| #define HAVE_STDLIB_H 1
| #define HAVE_STRING_H 1
| #define HAVE_MEMORY_H 1
| #define HAVE_STRINGS_H 1
| #define HAVE_INTTYPES_H 1
| #define HAVE_STDINT_H 1
| #define HAVE_UNISTD_H 1
| #define HAVE_DLFCN_H 1
| #define LT_OBJDIR ".libs/"
| /* end confdefs.h.  */
| int i;
configure:9163: result: no
configure:9182: checking if gcc supports -Wall
configure:9199: gcc -o conftest -march=x86-64 -mtune=generic -O2 -pipe -fno-plt -Wall -D_FORTIFY_SOURCE=2 -Wl,-O1,--sort-common,--as-needed,-z,relro,-z,now conftest.c  >&5
configure:9199: $? = 0
configure:9212: result: yes
configure:9300: checking if gcc supports -Wpointer-arith
configure:9317: gcc -o conftest -march=x86-64 -mtune=generic -O2 -pipe -fno-plt -Wpointer-arith -D_FORTIFY_SOURCE=2 -Wl,-O1,--sort-common,--as-needed,-z,relro,-z,now conftest.c  >&5
configure:9317: $? = 0
configure:9330: result: yes
configure:9418: checking if gcc supports -Wmissing-declarations
configure:9435: gcc -o conftest -march=x86-64 -mtune=generic -O2 -pipe -fno-plt -Wmissing-declarations -D_FORTIFY_SOURCE=2 -Wl,-O1,--sort-common,--as-needed,-z,relro,-z,now conftest.c  >&5
configure:9435: $? = 0
configure:9448: result: yes
configure:9536: checking if gcc supports -Wformat=2
configure:9553: gcc -o conftest -march=x86-64 -mtune=generic -O2 -pipe -fno-plt -Wformat=2 -D_FORTIFY_SOURCE=2 -Wl,-O1,--sort-common,--as-needed,-z,relro,-z,now conftest.c  >&5
configure:9553: $? = 0
configure:9566: result: yes
configure:9705: checking if gcc supports -Wstrict-prototypes
configure:9722: gcc -o conftest -march=x86-64 -mtune=generic -O2 -pipe -fno-plt -Wstrict-prototypes -D_FORTIFY_SOURCE=2 -Wl,-O1,--sort-common,--as-needed,-z,relro,-z,now conftest.c  >&5
conftest.c:25:1: warning: function declaration isn't a prototype [-Wstrict-prototypes]
   25 | main ()
      | ^~~~
configure:9722: $? = 0
configure:9735: result: yes
configure:9823: checking if gcc supports -Wmissing-prototypes
configure:9840: gcc -o conftest -march=x86-64 -mtune=generic -O2 -pipe -fno-plt -Wmissing-prototypes -D_FORTIFY_SOURCE=2 -Wl,-O1,--sort-common,--as-needed,-z,relro,-z,now conftest.c  >&5
configure:9840: $? = 0
configure:9853: result: yes
configure:9941: checking if gcc supports -Wnested-externs
configure:9958: gcc -o conftest -march=x86-64 -mtune=generic -O2 -pipe -fno-plt -Wnested-externs -D_FORTIFY_SOURCE=2 -Wl,-O1,--sort-common,--as-needed,-z,relro,-z,now conftest.c  >&5
configure:9958: $? = 0
configure:9971: result: yes
configure:10059: checking if gcc supports -Wbad-function-cast
configure:10076: gcc -o conftest -march=x86-64 -mtune=generic -O2 -pipe -fno-plt -Wbad-function-cast -D_FORTIFY_SOURCE=2 -Wl,-O1,--sort-common,--as-needed,-z,relro,-z,now conftest.c  >&5
configure:10076: $? = 0
configure:10089: result: yes
configure:10177: checking if gcc supports -Wold-style-definition
configure:10194: gcc -o conftest -march=x86-64 -mtune=generic -O2 -pipe -fno-plt -Wold-style-definition -D_FORTIFY_SOURCE=2 -Wl,-O1,--sort-common,--as-needed,-z,relro,-z,now conftest.c  >&5
conftest.c: In function 'main':
conftest.c:25:1: warning: old-style function definition [-Wold-style-definition]
   25 | main ()
      | ^~~~
configure:10194: $? = 0
configure:10207: result: yes
configure:10344: checking if gcc supports -Wdeclaration-after-statement
configure:10361: gcc -o conftest -march=x86-64 -mtune=generic -O2 -pipe -fno-plt -Wdeclaration-after-statement -D_FORTIFY_SOURCE=2 -Wl,-O1,--sort-common,--as-needed,-z,relro,-z,now conftest.c  >&5
configure:10361: $? = 0
configure:10374: result: yes
configure:10466: checking if gcc supports -Wunused
configure:10483: gcc -o conftest -march=x86-64 -mtune=generic -O2 -pipe -fno-plt -Wunused -D_FORTIFY_SOURCE=2 -Wl,-O1,--sort-common,--as-needed,-z,relro,-z,now conftest.c  >&5
configure:10483: $? = 0
configure:10496: result: yes
configure:10584: checking if gcc supports -Wuninitialized
configure:10601: gcc -o conftest -march=x86-64 -mtune=generic -O2 -pipe -fno-plt -Wuninitialized -D_FORTIFY_SOURCE=2 -Wl,-O1,--sort-common,--as-needed,-z,relro,-z,now conftest.c  >&5
configure:10601: $? = 0
configure:10614: result: yes
configure:10702: checking if gcc supports -Wshadow
configure:10719: gcc -o conftest -march=x86-64 -mtune=generic -O2 -pipe -fno-plt -Wshadow -D_FORTIFY_SOURCE=2 -Wl,-O1,--sort-common,--as-needed,-z,relro,-z,now conftest.c  >&5
configure:10719: $? = 0
configure:10732: result: yes
configure:10820: checking if gcc supports -Wmissing-noreturn
configure:10837: gcc -o conftest -march=x86-64 -mtune=generic -O2 -pipe -fno-plt -Wmissing-noreturn -D_FORTIFY_SOURCE=2 -Wl,-O1,--sort-common,--as-needed,-z,relro,-z,now conftest.c  >&5
configure:10837: $? = 0
configure:10850: result: yes
configure:10938: checking if gcc supports -Wmissing-format-attribute
configure:10955: gcc -o conftest -march=x86-64 -mtune=generic -O2 -pipe -fno-plt -Wmissing-format-attribute -D_FORTIFY_SOURCE=2 -Wl,-O1,--sort-common,--as-needed,-z,relro,-z,now conftest.c  >&5
configure:10955: $? = 0
configure:10968: result: yes
configure:11056: checking if gcc supports -Wredundant-decls
configure:11073: gcc -o conftest -march=x86-64 -mtune=generic -O2 -pipe -fno-plt -Wredundant-decls -D_FORTIFY_SOURCE=2 -Wl,-O1,--sort-common,--as-needed,-z,relro,-z,now conftest.c  >&5
configure:11073: $? = 0
configure:11086: result: yes
configure:11174: checking if gcc supports -Wlogical-op
configure:11191: gcc -o conftest -march=x86-64 -mtune=generic -O2 -pipe -fno-plt -Wlogical-op -D_FORTIFY_SOURCE=2 -Wl,-O1,--sort-common,--as-needed,-z,relro,-z,now conftest.c  >&5
configure:11191: $? = 0
configure:11204: result: yes
configure:11304: checking if gcc supports -Werror=implicit
configure:11321: gcc -o conftest -march=x86-64 -mtune=generic -O2 -pipe -fno-plt -Werror=implicit -D_FORTIFY_SOURCE=2 -Wl,-O1,--sort-common,--as-needed,-z,relro,-z,now conftest.c  >&5
configure:11321: $? = 0
configure:11334: result: yes
configure:11471: checking if gcc supports -Werror=nonnull
configure:11488: gcc -o conftest -march=x86-64 -mtune=generic -O2 -pipe -fno-plt -Werror=nonnull -D_FORTIFY_SOURCE=2 -Wl,-O1,--sort-common,--as-needed,-z,relro,-z,now conftest.c  >&5
configure:11488: $? = 0
configure:11501: result: yes
configure:11589: checking if gcc supports -Werror=init-self
configure:11606: gcc -o conftest -march=x86-64 -mtune=generic -O2 -pipe -fno-plt -Werror=init-self -D_FORTIFY_SOURCE=2 -Wl,-O1,--sort-common,--as-needed,-z,relro,-z,now conftest.c  >&5
configure:11606: $? = 0
configure:11619: result: yes
configure:11707: checking if gcc supports -Werror=main
configure:11724: gcc -o conftest -march=x86-64 -mtune=generic -O2 -pipe -fno-plt -Werror=main -D_FORTIFY_SOURCE=2 -Wl,-O1,--sort-common,--as-needed,-z,relro,-z,now conftest.c  >&5
configure:11724: $? = 0
configure:11737: result: yes
configure:11825: checking if gcc supports -Werror=missing-braces
configure:11842: gcc -o conftest -march=x86-64 -mtune=generic -O2 -pipe -fno-plt -Werror=missing-braces -D_FORTIFY_SOURCE=2 -Wl,-O1,--sort-common,--as-needed,-z,relro,-z,now conftest.c  >&5
configure:11842: $? = 0
configure:11855: result: yes
configure:11943: checking if gcc supports -Werror=sequence-point
configure:11960: gcc -o conftest -march=x86-64 -mtune=generic -O2 -pipe -fno-plt -Werror=sequence-point -D_FORTIFY_SOURCE=2 -Wl,-O1,--sort-common,--as-needed,-z,relro,-z,now conftest.c  >&5
configure:11960: $? = 0
configure:11973: result: yes
configure:12061: checking if gcc supports -Werror=return-type
configure:12078: gcc -o conftest -march=x86-64 -mtune=generic -O2 -pipe -fno-plt -Werror=return-type -D_FORTIFY_SOURCE=2 -Wl,-O1,--sort-common,--as-needed,-z,relro,-z,now conftest.c  >&5
configure:12078: $? = 0
configure:12091: result: yes
configure:12228: checking if gcc supports -Werror=trigraphs
configure:12245: gcc -o conftest -march=x86-64 -mtune=generic -O2 -pipe -fno-plt -Werror=trigraphs -D_FORTIFY_SOURCE=2 -Wl,-O1,--sort-common,--as-needed,-z,relro,-z,now conftest.c  >&5
configure:12245: $? = 0
configure:12258: result: yes
configure:12346: checking if gcc supports -Werror=array-bounds
configure:12363: gcc -o conftest -march=x86-64 -mtune=generic -O2 -pipe -fno-plt -Werror=array-bounds -D_FORTIFY_SOURCE=2 -Wl,-O1,--sort-common,--as-needed,-z,relro,-z,now conftest.c  >&5
configure:12363: $? = 0
configure:12376: result: yes
configure:12464: checking if gcc supports -Werror=write-strings
configure:12481: gcc -o conftest -march=x86-64 -mtune=generic -O2 -pipe -fno-plt -Werror=write-strings -D_FORTIFY_SOURCE=2 -Wl,-O1,--sort-common,--as-needed,-z,relro,-z,now conftest.c  >&5
configure:12481: $? = 0
configure:12494: result: yes
configure:12582: checking if gcc supports -Werror=address
configure:12599: gcc -o conftest -march=x86-64 -mtune=generic -O2 -pipe -fno-plt -Werror=address -D_FORTIFY_SOURCE=2 -Wl,-O1,--sort-common,--as-needed,-z,relro,-z,now conftest.c  >&5
configure:12599: $? = 0
configure:12612: result: yes
configure:12700: checking if gcc supports -Werror=int-to-pointer-cast
configure:12717: gcc -o conftest -march=x86-64 -mtune=generic -O2 -pipe -fno-plt -Werror=int-to-pointer-cast -D_FORTIFY_SOURCE=2 -Wl,-O1,--sort-common,--as-needed,-z,relro,-z,now conftest.c  >&5
configure:12717: $? = 0
configure:12730: result: yes
configure:12867: checking if gcc supports -Werror=pointer-to-int-cast
configure:12884: gcc -o conftest -march=x86-64 -mtune=generic -O2 -pipe -fno-plt -Werror=pointer-to-int-cast -D_FORTIFY_SOURCE=2 -Wl,-O1,--sort-common,--as-needed,-z,relro,-z,now conftest.c  >&5
configure:12884: $? = 0
configure:12897: result: yes
configure:14555: checking if gcc supports -pedantic
configure:14572: gcc -o conftest -march=x86-64 -mtune=generic -O2 -pipe -fno-plt -pedantic -D_FORTIFY_SOURCE=2 -Wl,-O1,--sort-common,--as-needed,-z,relro,-z,now conftest.c  >&5
configure:14572: $? = 0
configure:14585: result: yes
configure:14673: checking if gcc supports -Werror
configure:14690: gcc -o conftest -march=x86-64 -mtune=generic -O2 -pipe -fno-plt -Werror -D_FORTIFY_SOURCE=2 -Wl,-O1,--sort-common,--as-needed,-z,relro,-z,now conftest.c  >&5
configure:14690: $? = 0
configure:14703: result: yes
configure:14843: checking if gcc supports -Werror=attributes
configure:14860: gcc -o conftest -march=x86-64 -mtune=generic -O2 -pipe -fno-plt -Werror=attributes -D_FORTIFY_SOURCE=2 -Wl,-O1,--sort-common,--as-needed,-z,relro,-z,now conftest.c  >&5
configure:14860: $? = 0
configure:14873: result: yes
configure:15065: checking whether make supports nested variables
configure:15082: result: yes
configure:15184: checking whether to build unit test cases
configure:15186: result: auto
configure:15191: checking for rint in -lm
configure:15216: gcc -o conftest -march=x86-64 -mtune=generic -O2 -pipe -fno-plt -D_FORTIFY_SOURCE=2 -Wl,-O1,--sort-common,--as-needed,-z,relro,-z,now conftest.c -lm   >&5
conftest.c:33:6: warning: conflicting types for built-in function 'rint'; expected 'double(double)' [-Wbuiltin-declaration-mismatch]
   33 | char rint ();
      |      ^~~~
conftest.c:1:1: note: 'rint' is declared in header '<math.h>'
    1 | /* confdefs.h */
configure:15216: $? = 0
configure:15225: result: yes
configure:15259: gcc -c -march=x86-64 -mtune=generic -O2 -pipe -fno-plt -I/usr/include/xorg -D_FORTIFY_SOURCE=2 conftest.c >&5
configure:15259: $? = 0
configure:15266: checking if RANDR is defined
configure:15268: result: yes
configure:15278: checking for XORG
configure:15285: $PKG_CONFIG --exists --print-errors "inputproto >= 2.1.99.3 xorg-server >= 1.12 xproto inputproto $REQUIRED_MODULES"
configure:15288: $? = 0
configure:15302: $PKG_CONFIG --exists --print-errors "inputproto >= 2.1.99.3 xorg-server >= 1.12 xproto inputproto $REQUIRED_MODULES"
configure:15305: $? = 0
configure:15363: result: yes
configure:15433: checking which optional backends will be build
configure:15437: result: ps2comm alpscomm eventcomm
configure:15463: checking for LIBEVDEV
configure:15470: $PKG_CONFIG --exists --print-errors "libevdev >= 0.4"
configure:15473: $? = 0
configure:15487: $PKG_CONFIG --exists --print-errors "libevdev >= 0.4"
configure:15490: $? = 0
configure:15548: result: yes
configure:15554: checking for libevdev_set_device_log_function in -levdev
configure:15579: gcc -o conftest -march=x86-64 -mtune=generic -O2 -pipe -fno-plt -D_FORTIFY_SOURCE=2 -Wl,-O1,--sort-common,--as-needed,-z,relro,-z,now conftest.c -levdev  -levdev  >&5
configure:15579: $? = 0
configure:15588: result: yes
configure:15639: checking for XI
configure:15646: $PKG_CONFIG --exists --print-errors "x11 inputproto xi >= 1.2"
configure:15649: $? = 0
configure:15663: $PKG_CONFIG --exists --print-errors "x11 inputproto xi >= 1.2"
configure:15666: $? = 0
configure:15724: result: yes
configure:15734: checking for XTST
configure:15741: $PKG_CONFIG --exists --print-errors "xtst recordproto"
configure:15744: $? = 0
configure:15758: $PKG_CONFIG --exists --print-errors "xtst recordproto"
configure:15761: $? = 0
configure:15799: result: yes
configure:15809: checking for X11/extensions/record.h
configure:15809: gcc -c -march=x86-64 -mtune=generic -O2 -pipe -fno-plt -D_FORTIFY_SOURCE=2  conftest.c >&5
configure:15809: $? = 0
configure:15809: result: yes
configure:15936: checking that generated files are newer than configure
configure:15942: result: done
configure:15989: creating ./config.status

## ---------------------- ##
## Running config.status. ##
## ---------------------- ##

This file was extended by xf86-input-synaptics config.status 1.9.1, which was
generated by GNU Autoconf 2.69.  Invocation command line was

  CONFIG_FILES    = 
  CONFIG_HEADERS  = 
  CONFIG_LINKS    = 
  CONFIG_COMMANDS = 
  $ ./config.status 

on MightyTheJa-PC

config.status:1153: creating Makefile
config.status:1153: creating src/Makefile
config.status:1153: creating man/Makefile
config.status:1153: creating tools/Makefile
config.status:1153: creating conf/Makefile
config.status:1153: creating include/Makefile
config.status:1153: creating xorg-synaptics.pc
config.status:1153: creating config.h
config.status:1334: config.h is unchanged
config.status:1382: executing depfiles commands
config.status:1459: cd src       && sed -e '/# am--include-marker/d' Makefile         | make -f - am--depfiles
make: Nothing to be done for 'am--depfiles'.
config.status:1464: $? = 0
config.status:1459: cd tools       && sed -e '/# am--include-marker/d' Makefile         | make -f - am--depfiles
make: Nothing to be done for 'am--depfiles'.
config.status:1464: $? = 0
config.status:1382: executing libtool commands

## ---------------- ##
## Cache variables. ##
## ---------------- ##

ac_cv_build=x86_64-pc-linux-gnu
ac_cv_c_compiler_gnu=yes
ac_cv_env_CC_set=
ac_cv_env_CC_value=
ac_cv_env_CFLAGS_set=set
ac_cv_env_CFLAGS_value='-march=x86-64 -mtune=generic -O2 -pipe -fno-plt'
ac_cv_env_CPPFLAGS_set=set
ac_cv_env_CPPFLAGS_value=-D_FORTIFY_SOURCE=2
ac_cv_env_CPP_set=
ac_cv_env_CPP_value=
ac_cv_env_LDFLAGS_set=set
ac_cv_env_LDFLAGS_value=-Wl,-O1,--sort-common,--as-needed,-z,relro,-z,now
ac_cv_env_LIBEVDEV_CFLAGS_set=
ac_cv_env_LIBEVDEV_CFLAGS_value=
ac_cv_env_LIBEVDEV_LIBS_set=
ac_cv_env_LIBEVDEV_LIBS_value=
ac_cv_env_LIBS_set=
ac_cv_env_LIBS_value=
ac_cv_env_LT_SYS_LIBRARY_PATH_set=
ac_cv_env_LT_SYS_LIBRARY_PATH_value=
ac_cv_env_PKG_CONFIG_LIBDIR_set=
ac_cv_env_PKG_CONFIG_LIBDIR_value=
ac_cv_env_PKG_CONFIG_PATH_set=
ac_cv_env_PKG_CONFIG_PATH_value=
ac_cv_env_PKG_CONFIG_set=
ac_cv_env_PKG_CONFIG_value=
ac_cv_env_XI_CFLAGS_set=
ac_cv_env_XI_CFLAGS_value=
ac_cv_env_XI_LIBS_set=
ac_cv_env_XI_LIBS_value=
ac_cv_env_XORG_CFLAGS_set=
ac_cv_env_XORG_CFLAGS_value=
ac_cv_env_XORG_LIBS_set=
ac_cv_env_XORG_LIBS_value=
ac_cv_env_XORG_MALLOC_DEBUG_ENV_set=
ac_cv_env_XORG_MALLOC_DEBUG_ENV_value=
ac_cv_env_XTST_CFLAGS_set=
ac_cv_env_XTST_CFLAGS_value=
ac_cv_env_XTST_LIBS_set=
ac_cv_env_XTST_LIBS_value=
ac_cv_env_build_alias_set=
ac_cv_env_build_alias_value=
ac_cv_env_host_alias_set=
ac_cv_env_host_alias_value=
ac_cv_env_target_alias_set=
ac_cv_env_target_alias_value=
ac_cv_have_decl___INTEL_COMPILER=no
ac_cv_have_decl___SUNPRO_C=no
ac_cv_have_decl___clang__=no
ac_cv_header_X11_extensions_record_h=yes
ac_cv_header_dlfcn_h=yes
ac_cv_header_inttypes_h=yes
ac_cv_header_memory_h=yes
ac_cv_header_stdc=yes
ac_cv_header_stdint_h=yes
ac_cv_header_stdlib_h=yes
ac_cv_header_string_h=yes
ac_cv_header_strings_h=yes
ac_cv_header_sys_stat_h=yes
ac_cv_header_sys_types_h=yes
ac_cv_header_unistd_h=yes
ac_cv_host=x86_64-pc-linux-gnu
ac_cv_lib_evdev_libevdev_set_device_log_function=yes
ac_cv_lib_m_rint=yes
ac_cv_objext=o
ac_cv_path_EGREP='/usr/bin/grep -E'
ac_cv_path_FGREP='/usr/bin/grep -F'
ac_cv_path_GREP=/usr/bin/grep
ac_cv_path_SED=/usr/bin/sed
ac_cv_path_ac_pt_PKG_CONFIG=/usr/bin/pkg-config
ac_cv_path_install='/usr/bin/install -c'
ac_cv_path_lt_DD=/usr/bin/dd
ac_cv_path_mkdir=/usr/bin/mkdir
ac_cv_prog_AWK=gawk
ac_cv_prog_CPP='gcc -E'
ac_cv_prog_ac_ct_AR=ar
ac_cv_prog_ac_ct_CC=gcc
ac_cv_prog_ac_ct_OBJDUMP=objdump
ac_cv_prog_ac_ct_RANLIB=ranlib
ac_cv_prog_ac_ct_STRIP=strip
ac_cv_prog_cc_c89=
ac_cv_prog_cc_c99=
ac_cv_prog_cc_g=yes
ac_cv_prog_make_make_set=yes
am_cv_CC_dependencies_compiler_type=gcc3
am_cv_make_support_nested_variables=yes
am_cv_prog_cc_c_o=yes
lt_cv_ar_at_file=@
lt_cv_archive_cmds_need_lc=no
lt_cv_deplibs_check_method=pass_all
lt_cv_file_magic_cmd='$MAGIC_CMD'
lt_cv_file_magic_test_file=
lt_cv_ld_reload_flag=-r
lt_cv_nm_interface='BSD nm'
lt_cv_objdir=.libs
lt_cv_path_LD=/usr/bin/ld
lt_cv_path_NM='/usr/bin/nm -B'
lt_cv_path_mainfest_tool=no
lt_cv_prog_compiler_c_o=yes
lt_cv_prog_compiler_pic='-fPIC -DPIC'
lt_cv_prog_compiler_pic_works=yes
lt_cv_prog_compiler_rtti_exceptions=no
lt_cv_prog_compiler_static_works=yes
lt_cv_prog_gnu_ld=yes
lt_cv_sharedlib_from_linklib_cmd='printf %s\n'
lt_cv_shlibpath_overrides_runpath=no
lt_cv_sys_global_symbol_pipe='sed -n -e '\''s/^.*[	 ]\([ABCDGIRSTW][ABCDGIRSTW]*\)[	 ][	 ]*\([_A-Za-z][_A-Za-z0-9]*\)$/\1 \2 \2/p'\'' | sed '\''/ __gnu_lto/d'\'''
lt_cv_sys_global_symbol_to_c_name_address='sed -n -e '\''s/^: \(.*\) .*$/  {"\1", (void *) 0},/p'\'' -e '\''s/^[ABCDGIRSTW][ABCDGIRSTW]* .* \(.*\)$/  {"\1", (void *) \&\1},/p'\'''
lt_cv_sys_global_symbol_to_c_name_address_lib_prefix='sed -n -e '\''s/^: \(.*\) .*$/  {"\1", (void *) 0},/p'\'' -e '\''s/^[ABCDGIRSTW][ABCDGIRSTW]* .* \(lib.*\)$/  {"\1", (void *) \&\1},/p'\'' -e '\''s/^[ABCDGIRSTW][ABCDGIRSTW]* .* \(.*\)$/  {"lib\1", (void *) \&\1},/p'\'''
lt_cv_sys_global_symbol_to_cdecl='sed -n -e '\''s/^T .* \(.*\)$/extern int \1();/p'\'' -e '\''s/^[ABCDGIRSTW][ABCDGIRSTW]* .* \(.*\)$/extern char \1;/p'\'''
lt_cv_sys_global_symbol_to_import=
lt_cv_sys_max_cmd_len=1572864
lt_cv_to_host_file_cmd=func_convert_file_noop
lt_cv_to_tool_file_cmd=func_convert_file_noop
lt_cv_truncate_bin='/usr/bin/dd bs=4096 count=1'
pkg_cv_LIBEVDEV_CFLAGS='-I/usr/include/libevdev-1.0/ '
pkg_cv_LIBEVDEV_LIBS='-levdev '
pkg_cv_XI_CFLAGS=
pkg_cv_XI_LIBS='-lX11 -lXi '
pkg_cv_XORG_CFLAGS='-I/usr/include/xorg -fvisibility=hidden -I/usr/include/pixman-1 '
pkg_cv_XORG_LIBS=
pkg_cv_XTST_CFLAGS=
pkg_cv_XTST_LIBS='-lXtst '
xorg_cv_cc_flag__Wall=yes
xorg_cv_cc_flag__Wbad_function_cast=yes
xorg_cv_cc_flag__Wdeclaration_after_statement=yes
xorg_cv_cc_flag__Werror=yes
xorg_cv_cc_flag__Werror_address=yes
xorg_cv_cc_flag__Werror_array_bounds=yes
xorg_cv_cc_flag__Werror_attributes=yes
xorg_cv_cc_flag__Werror_implicit=yes
xorg_cv_cc_flag__Werror_init_self=yes
xorg_cv_cc_flag__Werror_int_to_pointer_cast=yes
xorg_cv_cc_flag__Werror_main=yes
xorg_cv_cc_flag__Werror_missing_braces=yes
xorg_cv_cc_flag__Werror_nonnull=yes
xorg_cv_cc_flag__Werror_pointer_to_int_cast=yes
xorg_cv_cc_flag__Werror_return_type=yes
xorg_cv_cc_flag__Werror_sequence_point=yes
xorg_cv_cc_flag__Werror_trigraphs=yes
xorg_cv_cc_flag__Werror_write_strings=yes
xorg_cv_cc_flag__Wformat_2=yes
xorg_cv_cc_flag__Wlogical_op=yes
xorg_cv_cc_flag__Wmissing_declarations=yes
xorg_cv_cc_flag__Wmissing_format_attribute=yes
xorg_cv_cc_flag__Wmissing_noreturn=yes
xorg_cv_cc_flag__Wmissing_prototypes=yes
xorg_cv_cc_flag__Wnested_externs=yes
xorg_cv_cc_flag__Wold_style_definition=yes
xorg_cv_cc_flag__Wpointer_arith=yes
xorg_cv_cc_flag__Wredundant_decls=yes
xorg_cv_cc_flag__Wshadow=yes
xorg_cv_cc_flag__Wstrict_prototypes=yes
xorg_cv_cc_flag__Wuninitialized=yes
xorg_cv_cc_flag__Wunused=yes
xorg_cv_cc_flag__pedantic=yes
xorg_cv_cc_flag_unknown_warning_option=no
xorg_cv_cc_flag_unused_command_line_argument=no

## ----------------- ##
## Output variables. ##
## ----------------- ##

ACLOCAL='${SHELL} /home/synaptics/xf86-input-synaptics/src/xf86-input-synaptics-1.9.1/missing aclocal-1.16'
ADMIN_MAN_DIR='$(mandir)/man$(ADMIN_MAN_SUFFIX)'
ADMIN_MAN_SUFFIX='8'
AMDEPBACKSLASH='\'
AMDEP_FALSE='#'
AMDEP_TRUE=''
AMTAR='$${TAR-tar}'
AM_BACKSLASH='\'
AM_DEFAULT_V='$(AM_DEFAULT_VERBOSITY)'
AM_DEFAULT_VERBOSITY='0'
AM_V='$(V)'
APP_MAN_DIR='$(mandir)/man$(APP_MAN_SUFFIX)'
APP_MAN_SUFFIX='1'
AR='ar'
AUTOCONF='${SHELL} /home/synaptics/xf86-input-synaptics/src/xf86-input-synaptics-1.9.1/missing autoconf'
AUTOHEADER='${SHELL} /home/synaptics/xf86-input-synaptics/src/xf86-input-synaptics-1.9.1/missing autoheader'
AUTOMAKE='${SHELL} /home/synaptics/xf86-input-synaptics/src/xf86-input-synaptics-1.9.1/missing automake-1.16'
AWK='gawk'
BASE_CFLAGS=' -Wall -Wpointer-arith -Wmissing-declarations -Wformat=2 -Wstrict-prototypes -Wmissing-prototypes -Wnested-externs -Wbad-function-cast -Wold-style-definition -Wdeclaration-after-statement -Wunused -Wuninitialized -Wshadow -Wmissing-noreturn -Wmissing-format-attribute -Wredundant-decls -Wlogical-op -Werror=implicit -Werror=nonnull -Werror=init-self -Werror=main -Werror=missing-braces -Werror=sequence-point -Werror=return-type -Werror=trigraphs -Werror=array-bounds -Werror=write-strings -Werror=address -Werror=int-to-pointer-cast -Werror=pointer-to-int-cast'
BUILD_EVENTCOMM_FALSE='#'
BUILD_EVENTCOMM_TRUE=''
BUILD_PS2COMM_FALSE='#'
BUILD_PS2COMM_TRUE=''
BUILD_PSMCOMM_FALSE=''
BUILD_PSMCOMM_TRUE='#'
CC='gcc'
CCDEPMODE='depmode=gcc3'
CFLAGS='-march=x86-64 -mtune=generic -O2 -pipe -fno-plt'
CHANGELOG_CMD='((GIT_DIR=$(top_srcdir)/.git git log > $(top_srcdir)/.changelog.tmp) 2>/dev/null && mv $(top_srcdir)/.changelog.tmp $(top_srcdir)/ChangeLog) || (rm -f $(top_srcdir)/.changelog.tmp; test -e $(top_srcdir)/ChangeLog || ( touch $(top_srcdir)/ChangeLog; echo '\''git failed to create ChangeLog: installing empty ChangeLog.'\'' >&2))'
CPP='gcc -E'
CPPFLAGS='-D_FORTIFY_SOURCE=2'
CWARNFLAGS=' -Wall -Wpointer-arith -Wmissing-declarations -Wformat=2 -Wstrict-prototypes -Wmissing-prototypes -Wnested-externs -Wbad-function-cast -Wold-style-definition -Wdeclaration-after-statement -Wunused -Wuninitialized -Wshadow -Wmissing-noreturn -Wmissing-format-attribute -Wredundant-decls -Wlogical-op -Werror=implicit -Werror=nonnull -Werror=init-self -Werror=main -Werror=missing-braces -Werror=sequence-point -Werror=return-type -Werror=trigraphs -Werror=array-bounds -Werror=write-strings -Werror=address -Werror=int-to-pointer-cast -Werror=pointer-to-int-cast -fno-strict-aliasing'
CYGPATH_W='echo'
DEBUG_FALSE=''
DEBUG_TRUE='#'
DEFS='-DHAVE_CONFIG_H'
DEPDIR='.deps'
DLLTOOL='false'
DRIVER_MAN_DIR='$(mandir)/man$(DRIVER_MAN_SUFFIX)'
DRIVER_MAN_SUFFIX='4'
DSYMUTIL=''
DUMPBIN=''
ECHO_C=''
ECHO_N='-n'
ECHO_T=''
EGREP='/usr/bin/grep -E'
ENABLE_UNIT_TESTS_FALSE='#'
ENABLE_UNIT_TESTS_TRUE=''
EXEEXT=''
FGREP='/usr/bin/grep -F'
FILE_MAN_DIR='$(mandir)/man$(FILE_MAN_SUFFIX)'
FILE_MAN_SUFFIX='5'
GREP='/usr/bin/grep'
HAS_XORG_CONF_DIR_FALSE='#'
HAS_XORG_CONF_DIR_TRUE=''
INSTALL_CMD='(cp -f /usr/share/util-macros/INSTALL $(top_srcdir)/.INSTALL.tmp && mv $(top_srcdir)/.INSTALL.tmp $(top_srcdir)/INSTALL) || (rm -f $(top_srcdir)/.INSTALL.tmp; test -e $(top_srcdir)/INSTALL || ( touch $(top_srcdir)/INSTALL; echo '\''failed to copy INSTALL from util-macros: installing empty INSTALL.'\'' >&2))'
INSTALL_DATA='${INSTALL} -m 644'
INSTALL_PROGRAM='${INSTALL}'
INSTALL_SCRIPT='${INSTALL}'
INSTALL_STRIP_PROGRAM='$(install_sh) -c -s'
LD='/usr/bin/ld -m elf_x86_64'
LDFLAGS='-Wl,-O1,--sort-common,--as-needed,-z,relro,-z,now'
LIBEVDEV_CFLAGS='-I/usr/include/libevdev-1.0/ '
LIBEVDEV_LIBS='-levdev '
LIBOBJS=''
LIBS='-lm '
LIBTOOL='$(SHELL) $(top_builddir)/libtool'
LIB_MAN_DIR='$(mandir)/man$(LIB_MAN_SUFFIX)'
LIB_MAN_SUFFIX='3'
LIPO=''
LN_S='ln -s'
LTLIBOBJS=''
LT_SYS_LIBRARY_PATH=''
MAKEINFO='${SHELL} /home/synaptics/xf86-input-synaptics/src/xf86-input-synaptics-1.9.1/missing makeinfo'
MANIFEST_TOOL=':'
MAN_SUBSTS='	-e '\''s|__vendorversion__|"$(PACKAGE_STRING)" "$(XORG_MAN_PAGE)"|'\'' 	-e '\''s|__xorgversion__|"$(PACKAGE_STRING)" "$(XORG_MAN_PAGE)"|'\'' 	-e '\''s|__xservername__|Xorg|g'\'' 	-e '\''s|__xconfigfile__|xorg.conf|g'\'' 	-e '\''s|__projectroot__|$(prefix)|g'\'' 	-e '\''s|__apploaddir__|$(appdefaultdir)|g'\'' 	-e '\''s|__appmansuffix__|$(APP_MAN_SUFFIX)|g'\'' 	-e '\''s|__drivermansuffix__|$(DRIVER_MAN_SUFFIX)|g'\'' 	-e '\''s|__adminmansuffix__|$(ADMIN_MAN_SUFFIX)|g'\'' 	-e '\''s|__libmansuffix__|$(LIB_MAN_SUFFIX)|g'\'' 	-e '\''s|__miscmansuffix__|$(MISC_MAN_SUFFIX)|g'\'' 	-e '\''s|__filemansuffix__|$(FILE_MAN_SUFFIX)|g'\'''
MISC_MAN_DIR='$(mandir)/man$(MISC_MAN_SUFFIX)'
MISC_MAN_SUFFIX='7'
MKDIR_P='/usr/bin/mkdir -p'
NM='/usr/bin/nm -B'
NMEDIT=''
OBJDUMP='objdump'
OBJEXT='o'
OTOOL64=''
OTOOL=''
PACKAGE='xf86-input-synaptics'
PACKAGE_BUGREPORT='https://bugs.freedesktop.org/enter_bug.cgi?product=xorg'
PACKAGE_NAME='xf86-input-synaptics'
PACKAGE_STRING='xf86-input-synaptics 1.9.1'
PACKAGE_TARNAME='xf86-input-synaptics'
PACKAGE_URL=''
PACKAGE_VERSION='1.9.1'
PATH_SEPARATOR=':'
PKG_CONFIG='/usr/bin/pkg-config'
PKG_CONFIG_LIBDIR=''
PKG_CONFIG_PATH=''
RANLIB='ranlib'
SED='/usr/bin/sed'
SET_MAKE=''
SHELL='/bin/sh'
STRICT_CFLAGS=' -pedantic -Werror -Werror=attributes'
STRIP='strip'
VERSION='1.9.1'
XI_CFLAGS=''
XI_LIBS='-lX11 -lXi '
XORG_CFLAGS='-I/usr/include/xorg -fvisibility=hidden -I/usr/include/pixman-1 '
XORG_LIBS=''
XORG_MALLOC_DEBUG_ENV='MALLOC_PERTURB_=15'
XORG_MAN_PAGE='X Version 11'
XTST_CFLAGS=''
XTST_LIBS='-lXtst '
ac_ct_AR='ar'
ac_ct_CC='gcc'
ac_ct_DUMPBIN=''
am__EXEEXT_FALSE=''
am__EXEEXT_TRUE='#'
am__fastdepCC_FALSE='#'
am__fastdepCC_TRUE=''
am__include='include'
am__isrc=''
am__leading_dot='.'
am__nodep='_no'
am__quote=''
am__tar='$${TAR-tar} chof - "$$tardir"'
am__untar='$${TAR-tar} xf -'
bindir='${exec_prefix}/bin'
build='x86_64-pc-linux-gnu'
build_alias=''
build_cpu='x86_64'
build_os='linux-gnu'
build_vendor='pc'
configdir='/usr/share/X11/xorg.conf.d'
datadir='${datarootdir}'
datarootdir='${prefix}/share'
docdir='${datarootdir}/doc/${PACKAGE_TARNAME}'
dvidir='${docdir}'
exec_prefix='${prefix}'
host='x86_64-pc-linux-gnu'
host_alias=''
host_cpu='x86_64'
host_os='linux-gnu'
host_vendor='pc'
htmldir='${docdir}'
includedir='${prefix}/include'
infodir='${datarootdir}/info'
inputdir='${exec_prefix}/lib/xorg/modules/input'
install_sh='${SHELL} /home/synaptics/xf86-input-synaptics/src/xf86-input-synaptics-1.9.1/install-sh'
libdir='${exec_prefix}/lib'
libexecdir='${exec_prefix}/libexec'
localedir='${datarootdir}/locale'
localstatedir='${prefix}/var'
mandir='${datarootdir}/man'
mkdir_p='$(MKDIR_P)'
oldincludedir='/usr/include'
pdfdir='${docdir}'
prefix='/usr'
program_transform_name='s,x,x,'
psdir='${docdir}'
sbindir='${exec_prefix}/sbin'
sdkdir='/usr/include/xorg'
sharedstatedir='${prefix}/com'
sysconfdir='${prefix}/etc'
target_alias=''

## ----------- ##
## confdefs.h. ##
## ----------- ##

/* confdefs.h */
#define PACKAGE_NAME "xf86-input-synaptics"
#define PACKAGE_TARNAME "xf86-input-synaptics"
#define PACKAGE_VERSION "1.9.1"
#define PACKAGE_STRING "xf86-input-synaptics 1.9.1"
#define PACKAGE_BUGREPORT "https://bugs.freedesktop.org/enter_bug.cgi?product=xorg"
#define PACKAGE_URL ""
#define PACKAGE "xf86-input-synaptics"
#define VERSION "1.9.1"
#define STDC_HEADERS 1
#define HAVE_SYS_TYPES_H 1
#define HAVE_SYS_STAT_H 1
#define HAVE_STDLIB_H 1
#define HAVE_STRING_H 1
#define HAVE_MEMORY_H 1
#define HAVE_STRINGS_H 1
#define HAVE_INTTYPES_H 1
#define HAVE_STDINT_H 1
#define HAVE_UNISTD_H 1
#define HAVE_DLFCN_H 1
#define LT_OBJDIR ".libs/"
#define PACKAGE_VERSION_MAJOR 1
#define PACKAGE_VERSION_MINOR 9
#define PACKAGE_VERSION_PATCHLEVEL 1
#define HAVE_LIBM 1
#define BUILD_EVENTCOMM 1
#define HAVE_LIBEVDEV_DEVICE_LOG_FUNCS 1
#define BUILD_PS2COMM 1
#define HAVE_X11_EXTENSIONS_RECORD_H 1

configure: exit 0

## ---------------------- ##
## Running config.status. ##
## ---------------------- ##

This file was extended by xf86-input-synaptics config.status 1.9.1, which was
generated by GNU Autoconf 2.69.  Invocation command line was

  CONFIG_FILES    = 
  CONFIG_HEADERS  = 
  CONFIG_LINKS    = 
  CONFIG_COMMANDS = 
  $ ./config.status src/Makefile depfiles

on MightyTheJa-PC

config.status:1153: creating src/Makefile
config.status:1382: executing depfiles commands
config.status:1459: cd src       && sed -e '/# am--include-marker/d' Makefile         | make -f - am--depfiles
make[3]: Entering directory '/home/synaptics/xf86-input-synaptics/src/xf86-input-synaptics-1.9.1/src'
make[3]: Nothing to be done for 'am--depfiles'.
make[3]: Leaving directory '/home/synaptics/xf86-input-synaptics/src/xf86-input-synaptics-1.9.1/src'
config.status:1464: $? = 0
